<?xml version="1.0" encoding="UTF-8"?>
<!-- Generated by org.testng.reporters.JUnitReportReporter -->
<testsuite name="com.jbk.DataProvider_Test01" tests="1" time="0.000" ignored="0" failures="0" timestamp="22 Feb 2020 11:25:07 GMT" skipped="1" hostname="DESKTOP-V3FP7B6" errors="0">
  <testcase name="offlineWebSiteTest" time="0.000" classname="com.jbk.DataProvider_Test01">
    <skipped/>
  </testcase> <!-- offlineWebSiteTest -->
</testsuite> <!-- com.jbk.DataProvider_Test01 -->
