<?xml version="1.0" encoding="UTF-8"?>
<!-- Generated by org.testng.reporters.JUnitReportReporter -->
<testsuite name="com.jbk.DataDrivernIntvalu" tests="1" time="0.000" ignored="0" failures="0" timestamp="25 Feb 2020 07:40:48 GMT" skipped="1" hostname="DESKTOP-V3FP7B6" errors="0">
  <testcase name="additions" time="0.000" classname="com.jbk.DataDrivernIntvalu">
    <skipped/>
  </testcase> <!-- additions -->
</testsuite> <!-- com.jbk.DataDrivernIntvalu -->
