<?xml version="1.0" encoding="UTF-8"?>
<!-- Generated by org.testng.reporters.JUnitReportReporter -->
<testsuite name="com.jbk.DataDrivern" tests="3" time="68.887" ignored="0" failures="0" timestamp="25 Feb 2020 06:56:35 GMT" skipped="0" hostname="DESKTOP-V3FP7B6" errors="0">
  <testcase name="adminLogin" time="31.811" classname="com.jbk.DataDrivern"/>
  <testcase name="adminLogin" time="20.115" classname="com.jbk.DataDrivern"/>
  <testcase name="adminLogin" time="16.961" classname="com.jbk.DataDrivern"/>
</testsuite> <!-- com.jbk.DataDrivern -->
