<?xml version="1.0" encoding="UTF-8"?>
<!-- Generated by org.testng.reporters.JUnitReportReporter -->
<testsuite name="com.jbk.StringType_DataDriven_2DArray" tests="3" time="38.513" ignored="0" failures="0" timestamp="03 Mar 2020 06:55:37 GMT" skipped="0" hostname="DESKTOP-V3FP7B6" errors="0">
  <testcase name="adminLogin" time="12.040" classname="com.jbk.StringType_DataDriven_2DArray"/>
  <testcase name="adminLogin" time="12.743" classname="com.jbk.StringType_DataDriven_2DArray"/>
  <testcase name="adminLogin" time="13.730" classname="com.jbk.StringType_DataDriven_2DArray"/>
</testsuite> <!-- com.jbk.StringType_DataDriven_2DArray -->
